  Ball.cpp
d:\vj\breakin\2dgame\06-text\06-text\ball.cpp(49): warning C4244: '-=': conversión de 'double' a 'T'; posible pérdida de datos
          with
          [
              T=int
          ]
d:\vj\breakin\2dgame\06-text\06-text\ball.cpp(51): warning C4244: '+=': conversión de 'double' a 'T'; posible pérdida de datos
          with
          [
              T=int
          ]
d:\vj\breakin\2dgame\06-text\06-text\ball.cpp(54): warning C4244: '-=': conversión de 'double' a 'T'; posible pérdida de datos
          with
          [
              T=int
          ]
d:\vj\breakin\2dgame\06-text\06-text\ball.cpp(56): warning C4244: '+=': conversión de 'double' a 'T'; posible pérdida de datos
          with
          [
              T=int
          ]
d:\vj\breakin\2dgame\06-text\06-text\ball.cpp(59): warning C4244: '-=': conversión de 'double' a 'T'; posible pérdida de datos
          with
          [
              T=int
          ]
d:\vj\breakin\2dgame\06-text\06-text\ball.cpp(61): warning C4244: '+=': conversión de 'double' a 'T'; posible pérdida de datos
          with
          [
              T=int
          ]
d:\vj\breakin\2dgame\06-text\06-text\ball.cpp(75): warning C4244: '-=': conversión de 'float' a 'T'; posible pérdida de datos
          with
          [
              T=int
          ]
d:\vj\breakin\2dgame\06-text\06-text\ball.cpp(81): warning C4244: '+=': conversión de 'float' a 'T'; posible pérdida de datos
          with
          [
              T=int
          ]
d:\vj\breakin\2dgame\06-text\06-text\ball.cpp(125): warning C4244: '+=': conversión de 'T' a 'T'; posible pérdida de datos
          with
          [
              T=float
          ]
          and
          [
              T=int
          ]
d:\vj\breakin\2dgame\06-text\06-text\ball.cpp(129): warning C4244: '+=': conversión de 'T' a 'T'; posible pérdida de datos
          with
          [
              T=float
          ]
          and
          [
              T=int
          ]
d:\vj\breakin\2dgame\06-text\06-text\ball.cpp(223): warning C4244: '+=': conversión de 'T' a 'T'; posible pérdida de datos
          with
          [
              T=float
          ]
          and
          [
              T=int
          ]
d:\vj\breakin\2dgame\06-text\06-text\ball.cpp(229): warning C4244: '+=': conversión de 'T' a 'T'; posible pérdida de datos
          with
          [
              T=float
          ]
          and
          [
              T=int
          ]
d:\vj\breakin\2dgame\06-text\06-text\ball.cpp(235): warning C4244: '+=': conversión de 'T' a 'T'; posible pérdida de datos
          with
          [
              T=float
          ]
          and
          [
              T=int
          ]
d:\vj\breakin\2dgame\06-text\06-text\ball.cpp(260): warning C4244: '+=': conversión de 'T' a 'T'; posible pérdida de datos
          with
          [
              T=float
          ]
          and
          [
              T=int
          ]
d:\vj\breakin\2dgame\06-text\06-text\ball.cpp(286): warning C4244: '=': conversión de 'int' a 'float'; posible pérdida de datos
  Boss.cpp
d:\vj\breakin\2dgame\06-text\06-text\boss.cpp(149): warning C4244: '=': conversión de 'double' a 'T'; posible pérdida de datos
          with
          [
              T=int
          ]
  Credits.cpp
  Game.cpp
  GameOver.cpp
  Instructions.cpp
  LevelSelector.cpp
  Menu.cpp
  Player.cpp
d:\vj\breakin\2dgame\06-text\06-text\player.cpp(123): warning C4244: '-=': conversión de 'double' a 'T'; posible pérdida de datos
          with
          [
              T=int
          ]
d:\vj\breakin\2dgame\06-text\06-text\player.cpp(125): warning C4244: '+=': conversión de 'double' a 'T'; posible pérdida de datos
          with
          [
              T=int
          ]
d:\vj\breakin\2dgame\06-text\06-text\player.cpp(128): warning C4244: '-=': conversión de 'double' a 'T'; posible pérdida de datos
          with
          [
              T=int
          ]
d:\vj\breakin\2dgame\06-text\06-text\player.cpp(130): warning C4244: '+=': conversión de 'double' a 'T'; posible pérdida de datos
          with
          [
              T=int
          ]
d:\vj\breakin\2dgame\06-text\06-text\player.cpp(133): warning C4244: '-=': conversión de 'double' a 'T'; posible pérdida de datos
          with
          [
              T=int
          ]
d:\vj\breakin\2dgame\06-text\06-text\player.cpp(135): warning C4244: '+=': conversión de 'double' a 'T'; posible pérdida de datos
          with
          [
              T=int
          ]
  Powerup.cpp
d:\vj\breakin\2dgame\06-text\06-text\powerup.cpp(69): warning C4244: '=': conversión de 'int' a 'T'; posible pérdida de datos
          with
          [
              T=float
          ]
d:\vj\breakin\2dgame\06-text\06-text\powerup.cpp(73): warning C4244: '=': conversión de 'int' a 'T'; posible pérdida de datos
          with
          [
              T=float
          ]
d:\vj\breakin\2dgame\06-text\06-text\powerup.cpp(78): warning C4244: '=': conversión de 'int' a 'T'; posible pérdida de datos
          with
          [
              T=float
          ]
d:\vj\breakin\2dgame\06-text\06-text\powerup.cpp(82): warning C4244: '=': conversión de 'int' a 'T'; posible pérdida de datos
          with
          [
              T=float
          ]
  Scene.cpp
  Shot.cpp
d:\vj\breakin\2dgame\06-text\06-text\shot.cpp(34): warning C4244: '+=': conversión de 'T' a 'T'; posible pérdida de datos
          with
          [
              T=float
          ]
          and
          [
              T=int
          ]
  ShotPlayer.cpp
  TileMap.cpp
  Vigilant.cpp
  main.cpp
  Generando código...
SOIL.lib(image_DXT.obj) : warning LNK4099: no se encontró PDB 'vc100.pdb' con 'SOIL.lib(image_DXT.obj)' o en 'D:\vj\breakin\2DGame\06-text\Debug\vc100.pdb'; se vinculará el objeto sin tener en cuenta información de depuración
SOIL.lib(image_helper.obj) : warning LNK4099: no se encontró PDB 'vc100.pdb' con 'SOIL.lib(image_helper.obj)' o en 'D:\vj\breakin\2DGame\06-text\Debug\vc100.pdb'; se vinculará el objeto sin tener en cuenta información de depuración
SOIL.lib(SOIL.obj) : warning LNK4099: no se encontró PDB 'vc100.pdb' con 'SOIL.lib(SOIL.obj)' o en 'D:\vj\breakin\2DGame\06-text\Debug\vc100.pdb'; se vinculará el objeto sin tener en cuenta información de depuración
SOIL.lib(stb_image_aug.obj) : warning LNK4099: no se encontró PDB 'vc100.pdb' con 'SOIL.lib(stb_image_aug.obj)' o en 'D:\vj\breakin\2DGame\06-text\Debug\vc100.pdb'; se vinculará el objeto sin tener en cuenta información de depuración
  06-text.vcxproj -> D:\vj\breakin\2DGame\06-text\Debug\06-text.exe
