d:\vj\breakin\2dgame\06-text\06-text\debug\vc141.pdb
d:\vj\breakin\2dgame\06-text\06-text\debug\vc141.idb
d:\vj\breakin\2dgame\06-text\06-text\debug\tilemap.obj
d:\vj\breakin\2dgame\06-text\06-text\debug\texturedquad.obj
d:\vj\breakin\2dgame\06-text\06-text\debug\texture.obj
d:\vj\breakin\2dgame\06-text\06-text\debug\text.obj
d:\vj\breakin\2dgame\06-text\06-text\debug\sprite.obj
d:\vj\breakin\2dgame\06-text\06-text\debug\shaderprogram.obj
d:\vj\breakin\2dgame\06-text\06-text\debug\shader.obj
d:\vj\breakin\2dgame\06-text\06-text\debug\scene.obj
d:\vj\breakin\2dgame\06-text\06-text\debug\quad.obj
d:\vj\breakin\2dgame\06-text\06-text\debug\player.obj
d:\vj\breakin\2dgame\06-text\06-text\debug\menu.obj
d:\vj\breakin\2dgame\06-text\06-text\debug\main.obj
d:\vj\breakin\2dgame\06-text\06-text\debug\instructions.obj
d:\vj\breakin\2dgame\06-text\06-text\debug\game.obj
d:\vj\breakin\2dgame\06-text\06-text\debug\credits.obj
d:\vj\breakin\2dgame\06-text\06-text\debug\ball.obj
d:\vj\breakin\2dgame\06-text\debug\06-text.exe
d:\vj\breakin\2dgame\06-text\debug\06-text.ilk
d:\vj\breakin\2dgame\06-text\debug\06-text.pdb
d:\vj\breakin\2dgame\06-text\06-text\debug\06-text.tlog\cl.command.1.tlog
d:\vj\breakin\2dgame\06-text\06-text\debug\06-text.tlog\cl.read.1.tlog
d:\vj\breakin\2dgame\06-text\06-text\debug\06-text.tlog\cl.write.1.tlog
d:\vj\breakin\2dgame\06-text\06-text\debug\06-text.tlog\link.command.1.tlog
d:\vj\breakin\2dgame\06-text\06-text\debug\06-text.tlog\link.read.1.tlog
d:\vj\breakin\2dgame\06-text\06-text\debug\06-text.tlog\link.write.1.tlog
