  Ball.cpp
c:\users\usuario\desktop\break-in\2dgame\06-text\06-text\ball.cpp(41): warning C4244: '-=': conversión de 'double' a 'T'; posible pérdida de datos
          with
          [
              T=int
          ]
c:\users\usuario\desktop\break-in\2dgame\06-text\06-text\ball.cpp(43): warning C4244: '+=': conversión de 'double' a 'T'; posible pérdida de datos
          with
          [
              T=int
          ]
c:\users\usuario\desktop\break-in\2dgame\06-text\06-text\ball.cpp(46): warning C4244: '-=': conversión de 'double' a 'T'; posible pérdida de datos
          with
          [
              T=int
          ]
c:\users\usuario\desktop\break-in\2dgame\06-text\06-text\ball.cpp(48): warning C4244: '+=': conversión de 'double' a 'T'; posible pérdida de datos
          with
          [
              T=int
          ]
c:\users\usuario\desktop\break-in\2dgame\06-text\06-text\ball.cpp(51): warning C4244: '-=': conversión de 'double' a 'T'; posible pérdida de datos
          with
          [
              T=int
          ]
c:\users\usuario\desktop\break-in\2dgame\06-text\06-text\ball.cpp(53): warning C4244: '+=': conversión de 'double' a 'T'; posible pérdida de datos
          with
          [
              T=int
          ]
c:\users\usuario\desktop\break-in\2dgame\06-text\06-text\ball.cpp(67): warning C4244: '-=': conversión de 'float' a 'T'; posible pérdida de datos
          with
          [
              T=int
          ]
c:\users\usuario\desktop\break-in\2dgame\06-text\06-text\ball.cpp(73): warning C4244: '+=': conversión de 'float' a 'T'; posible pérdida de datos
          with
          [
              T=int
          ]
c:\users\usuario\desktop\break-in\2dgame\06-text\06-text\ball.cpp(128): warning C4244: '+=': conversión de 'T' a 'T'; posible pérdida de datos
          with
          [
              T=float
          ]
          and
          [
              T=int
          ]
c:\users\usuario\desktop\break-in\2dgame\06-text\06-text\ball.cpp(132): warning C4244: '+=': conversión de 'T' a 'T'; posible pérdida de datos
          with
          [
              T=float
          ]
          and
          [
              T=int
          ]
c:\users\usuario\desktop\break-in\2dgame\06-text\06-text\ball.cpp(216): warning C4244: '+=': conversión de 'T' a 'T'; posible pérdida de datos
          with
          [
              T=float
          ]
          and
          [
              T=int
          ]
c:\users\usuario\desktop\break-in\2dgame\06-text\06-text\ball.cpp(221): warning C4244: '+=': conversión de 'T' a 'T'; posible pérdida de datos
          with
          [
              T=float
          ]
          and
          [
              T=int
          ]
c:\users\usuario\desktop\break-in\2dgame\06-text\06-text\ball.cpp(245): warning C4244: '+=': conversión de 'T' a 'T'; posible pérdida de datos
          with
          [
              T=float
          ]
          and
          [
              T=int
          ]
  Credits.cpp
  Game.cpp
  Instructions.cpp
  LevelSelector.cpp
  Menu.cpp
  Player.cpp
c:\users\usuario\desktop\break-in\2dgame\06-text\06-text\player.cpp(78): warning C4244: '-=': conversión de 'double' a 'T'; posible pérdida de datos
          with
          [
              T=int
          ]
c:\users\usuario\desktop\break-in\2dgame\06-text\06-text\player.cpp(80): warning C4244: '+=': conversión de 'double' a 'T'; posible pérdida de datos
          with
          [
              T=int
          ]
c:\users\usuario\desktop\break-in\2dgame\06-text\06-text\player.cpp(83): warning C4244: '-=': conversión de 'double' a 'T'; posible pérdida de datos
          with
          [
              T=int
          ]
c:\users\usuario\desktop\break-in\2dgame\06-text\06-text\player.cpp(85): warning C4244: '+=': conversión de 'double' a 'T'; posible pérdida de datos
          with
          [
              T=int
          ]
c:\users\usuario\desktop\break-in\2dgame\06-text\06-text\player.cpp(88): warning C4244: '-=': conversión de 'double' a 'T'; posible pérdida de datos
          with
          [
              T=int
          ]
c:\users\usuario\desktop\break-in\2dgame\06-text\06-text\player.cpp(90): warning C4244: '+=': conversión de 'double' a 'T'; posible pérdida de datos
          with
          [
              T=int
          ]
  Scene.cpp
  TileMap.cpp
  main.cpp
SOIL.lib(SOIL.obj) : warning LNK4075: se omite '/EDITANDCONTINUE' debido a la especificación '/OPT:ICF'
LINK : warning LNK4098: la biblioteca predeterminada'MSVCRTD' entra en conflicto con otras bibliotecas; use la biblioteca /NODEFAULTLIB:biblioteca
  Generando código
  56 of 715 functions ( 7.8%) were compiled, the rest were copied from previous compilation.
    0 functions were new in current compilation
    13 functions had inline decision re-evaluated but remain unchanged
  Generación de código finalizada
SOIL.lib(image_DXT.obj) : warning LNK4099: no se encontró PDB 'vc100.pdb' con 'SOIL.lib(image_DXT.obj)' o en 'C:\Users\USUARIO\Desktop\break-in\2DGame\06-text\Release\vc100.pdb'; se vinculará el objeto sin tener en cuenta información de depuración
SOIL.lib(image_helper.obj) : warning LNK4099: no se encontró PDB 'vc100.pdb' con 'SOIL.lib(image_helper.obj)' o en 'C:\Users\USUARIO\Desktop\break-in\2DGame\06-text\Release\vc100.pdb'; se vinculará el objeto sin tener en cuenta información de depuración
SOIL.lib(SOIL.obj) : warning LNK4099: no se encontró PDB 'vc100.pdb' con 'SOIL.lib(SOIL.obj)' o en 'C:\Users\USUARIO\Desktop\break-in\2DGame\06-text\Release\vc100.pdb'; se vinculará el objeto sin tener en cuenta información de depuración
SOIL.lib(stb_image_aug.obj) : warning LNK4099: no se encontró PDB 'vc100.pdb' con 'SOIL.lib(stb_image_aug.obj)' o en 'C:\Users\USUARIO\Desktop\break-in\2DGame\06-text\Release\vc100.pdb'; se vinculará el objeto sin tener en cuenta información de depuración
  06-text.vcxproj -> C:\Users\USUARIO\Desktop\break-in\2DGame\06-text\Release\06-text.exe
