c:\users\usuario\desktop\break-in\2dgame\06-text\release\06-text.ipdb
c:\users\usuario\desktop\break-in\2dgame\06-text\release\06-text.iobj
c:\users\usuario\desktop\break-in\2dgame\06-text\06-text\release\vc141.pdb
c:\users\usuario\desktop\break-in\2dgame\06-text\06-text\release\vigilant.obj
c:\users\usuario\desktop\break-in\2dgame\06-text\06-text\release\tilemap.obj
c:\users\usuario\desktop\break-in\2dgame\06-text\06-text\release\texturedquad.obj
c:\users\usuario\desktop\break-in\2dgame\06-text\06-text\release\texture.obj
c:\users\usuario\desktop\break-in\2dgame\06-text\06-text\release\text.obj
c:\users\usuario\desktop\break-in\2dgame\06-text\06-text\release\sprite.obj
c:\users\usuario\desktop\break-in\2dgame\06-text\06-text\release\shot.obj
c:\users\usuario\desktop\break-in\2dgame\06-text\06-text\release\shaderprogram.obj
c:\users\usuario\desktop\break-in\2dgame\06-text\06-text\release\shader.obj
c:\users\usuario\desktop\break-in\2dgame\06-text\06-text\release\scene.obj
c:\users\usuario\desktop\break-in\2dgame\06-text\06-text\release\quad.obj
c:\users\usuario\desktop\break-in\2dgame\06-text\06-text\release\player.obj
c:\users\usuario\desktop\break-in\2dgame\06-text\06-text\release\menu.obj
c:\users\usuario\desktop\break-in\2dgame\06-text\06-text\release\main.obj
c:\users\usuario\desktop\break-in\2dgame\06-text\06-text\release\levelselector.obj
c:\users\usuario\desktop\break-in\2dgame\06-text\06-text\release\instructions.obj
c:\users\usuario\desktop\break-in\2dgame\06-text\06-text\release\game.obj
c:\users\usuario\desktop\break-in\2dgame\06-text\06-text\release\credits.obj
c:\users\usuario\desktop\break-in\2dgame\06-text\06-text\release\boss.obj
c:\users\usuario\desktop\break-in\2dgame\06-text\06-text\release\ball.obj
c:\users\usuario\desktop\break-in\2dgame\06-text\06-text\release\gameover.obj
c:\users\usuario\desktop\break-in\2dgame\06-text\06-text\release\powerup.obj
c:\users\usuario\desktop\break-in\2dgame\06-text\06-text\release\shotplayer.obj
c:\users\usuario\desktop\break-in\2dgame\06-text\06-text\release\princess.obj
c:\users\usuario\desktop\break-in\2dgame\06-text\06-text\release\youwon.obj
c:\users\usuario\desktop\break-in\2dgame\06-text\release\06-text.exe
c:\users\usuario\desktop\break-in\2dgame\06-text\release\06-text.pdb
d:\vj\breakin\2dgame\06-text\06-text\release\ball.obj
d:\vj\breakin\2dgame\06-text\06-text\release\boss.obj
d:\vj\breakin\2dgame\06-text\06-text\release\credits.obj
d:\vj\breakin\2dgame\06-text\06-text\release\game.obj
d:\vj\breakin\2dgame\06-text\06-text\release\gameover.obj
d:\vj\breakin\2dgame\06-text\06-text\release\instructions.obj
d:\vj\breakin\2dgame\06-text\06-text\release\levelselector.obj
d:\vj\breakin\2dgame\06-text\06-text\release\main.obj
d:\vj\breakin\2dgame\06-text\06-text\release\menu.obj
d:\vj\breakin\2dgame\06-text\06-text\release\player.obj
d:\vj\breakin\2dgame\06-text\06-text\release\powerup.obj
d:\vj\breakin\2dgame\06-text\06-text\release\princess.obj
d:\vj\breakin\2dgame\06-text\06-text\release\quad.obj
d:\vj\breakin\2dgame\06-text\06-text\release\scene.obj
d:\vj\breakin\2dgame\06-text\06-text\release\shader.obj
d:\vj\breakin\2dgame\06-text\06-text\release\shaderprogram.obj
d:\vj\breakin\2dgame\06-text\06-text\release\shot.obj
d:\vj\breakin\2dgame\06-text\06-text\release\shotplayer.obj
d:\vj\breakin\2dgame\06-text\06-text\release\sprite.obj
d:\vj\breakin\2dgame\06-text\06-text\release\text.obj
d:\vj\breakin\2dgame\06-text\06-text\release\texture.obj
d:\vj\breakin\2dgame\06-text\06-text\release\texturedquad.obj
d:\vj\breakin\2dgame\06-text\06-text\release\tilemap.obj
d:\vj\breakin\2dgame\06-text\06-text\release\vigilant.obj
d:\vj\breakin\2dgame\06-text\06-text\release\youwon.obj
d:\vj\breakin\2dgame\06-text\06-text\release\vc141.pdb
d:\vj\breakin\2dgame\06-text\release\06-text.pdb
d:\vj\breakin\2dgame\06-text\release\06-text.exe
d:\vj\breakin\2dgame\06-text\06-text\release\06-text.tlog\06-text.write.1u.tlog
d:\vj\breakin\2dgame\06-text\06-text\release\06-text.tlog\cl.command.1.tlog
d:\vj\breakin\2dgame\06-text\06-text\release\06-text.tlog\cl.read.1.tlog
d:\vj\breakin\2dgame\06-text\06-text\release\06-text.tlog\cl.write.1.tlog
d:\vj\breakin\2dgame\06-text\06-text\release\06-text.tlog\link.command.1.tlog
d:\vj\breakin\2dgame\06-text\06-text\release\06-text.tlog\link.read.1.tlog
d:\vj\breakin\2dgame\06-text\06-text\release\06-text.tlog\link.write.1.tlog
